::1 - - [08/Jan/2018:11:03:08 +0530] "GET /admin HTTP/1.1" 404 290
::1 - - [08/Jan/2018:11:03:08 +0530] "GET /favicon.ico HTTP/1.1" 200 202575
::1 - - [08/Jan/2018:11:04:08 +0530] "-" 408 -
::1 - - [08/Jan/2018:11:04:11 +0530] "GET / HTTP/1.1" 200 4903
::1 - - [08/Jan/2018:11:04:11 +0530] "GET /wampthemes/classic/style.css HTTP/1.1" 200 2466
::1 - - [08/Jan/2018:11:04:11 +0530] "GET /index.php?img=gifLogo HTTP/1.1" 200 4549
::1 - - [08/Jan/2018:11:04:11 +0530] "GET /index.php?img=pngPlugin HTTP/1.1" 200 548
::1 - - [08/Jan/2018:11:04:11 +0530] "GET /index.php?img=pngWrench HTTP/1.1" 200 741
::1 - - [08/Jan/2018:11:04:11 +0530] "GET /index.php?img=pngFolder HTTP/1.1" 200 850
::1 - - [08/Jan/2018:11:04:11 +0530] "GET /index.php?img=pngFolderGo HTTP/1.1" 200 694
::1 - - [08/Jan/2018:11:04:12 +0530] "GET /index.php?img=favicon HTTP/1.1" 200 1429
::1 - - [08/Jan/2018:11:04:40 +0530] "GET /concerto-platform/admin HTTP/1.1" 404 308
::1 - - [08/Jan/2018:11:04:42 +0530] "GET /favicon.ico HTTP/1.1" 200 202575
::1 - - [08/Jan/2018:11:05:53 +0530] "GET /concerto-platform/admin HTTP/1.1" 404 308
::1 - - [08/Jan/2018:11:07:13 +0530] "GET /phpmyadmin/ HTTP/1.1" 200 3020
::1 - - [08/Jan/2018:11:07:15 +0530] "GET /phpmyadmin/js/codemirror/addon/lint/lint.css?v=4.5.2 HTTP/1.1" 200 3068
::1 - - [08/Jan/2018:11:07:15 +0530] "GET /phpmyadmin/js/codemirror/addon/hint/show-hint.css?v=4.5.2 HTTP/1.1" 200 662
::1 - - [08/Jan/2018:11:07:15 +0530] "GET /phpmyadmin/themes/pmahomme/jquery/jquery-ui-1.11.2.css HTTP/1.1" 200 35212
::1 - - [08/Jan/2018:11:07:15 +0530] "GET /phpmyadmin/js/codemirror/lib/codemirror.css?v=4.5.2 HTTP/1.1" 200 7771
::1 - - [08/Jan/2018:11:07:15 +0530] "GET /phpmyadmin/themes/pmahomme/css/printview.css?v=4.5.2 HTTP/1.1" 200 3082
::1 - - [08/Jan/2018:11:07:15 +0530] "GET /phpmyadmin/phpmyadmin.css.php?nocache=4343720914ltr HTTP/1.1" 200 20074
::1 - - [08/Jan/2018:11:07:15 +0530] "GET /phpmyadmin/js/whitelist.php?lang=en&db=&collation_connection=utf8_unicode_ci&token=8871a289d03c11b541b304958f731c18&v=4.5.2 HTTP/1.1" 200 482
::1 - - [08/Jan/2018:11:07:15 +0530] "GET /phpmyadmin/js/get_image.js.php?theme=pmahomme&v=4.5.2 HTTP/1.1" 200 1822
::1 - - [08/Jan/2018:11:07:15 +0530] "GET /phpmyadmin/js/get_scripts.js.php?scripts%5B%5D=common.js&scripts%5B%5D=config.js&scripts%5B%5D=page_settings.js&scripts%5B%5D=codemirror/lib/codemirror.js&scripts%5B%5D=codemirror/mode/sql/sql.js&scripts%5B%5D=codemirror/addon/runmode/runmode.js&scripts%5B%5D=codemirror/addon/hint/show-hint.js&scripts%5B%5D=codemirror/addon/hint/sql-hint.js&scripts%5B%5D=codemirror/addon/lint/lint.js&scripts%5B%5D=codemirror/addon/lint/sql-lint.js&scripts%5B%5D=console.js&v=4.5.2 HTTP/1.1" 200 129429
::1 - - [08/Jan/2018:11:07:15 +0530] "GET /phpmyadmin/js/messages.php?lang=en&db=&collation_connection=utf8_unicode_ci&token=8871a289d03c11b541b304958f731c18&v=4.5.2 HTTP/1.1" 200 8363
::1 - - [08/Jan/2018:11:07:15 +0530] "GET /phpmyadmin/themes/pmahomme/img/logo_right.png HTTP/1.1" 200 4548
::1 - - [08/Jan/2018:11:07:16 +0530] "GET /phpmyadmin/themes/dot.gif HTTP/1.1" 200 43
::1 - - [08/Jan/2018:11:07:15 +0530] "GET /phpmyadmin/js/get_scripts.js.php?scripts%5B%5D=jquery/jquery-1.11.1.min.js&scripts%5B%5D=sprintf.js&scripts%5B%5D=ajax.js&scripts%5B%5D=keyhandler.js&scripts%5B%5D=jquery/jquery-ui-1.11.2.min.js&scripts%5B%5D=jquery/jquery.cookie.js&scripts%5B%5D=jquery/jquery.mousewheel.js&scripts%5B%5D=jquery/jquery.event.drag-2.2.js&scripts%5B%5D=jquery/jquery-ui-timepicker-addon.js&scripts%5B%5D=jquery/jquery.ba-hashchange-1.3.js&scripts%5B%5D=jquery/jquery.debounce-1.0.5.js&scripts%5B%5D=menu-resizer.js&scripts%5B%5D=cross_framing_protection.js&scripts%5B%5D=rte.js&scripts%5B%5D=tracekit/tracekit.js&scripts%5B%5D=error_report.js&scripts%5B%5D=doclinks.js&scripts%5B%5D=functions.js&scripts%5B%5D=navigation.js&scripts%5B%5D=indexes.js&v=4.5.2 HTTP/1.1" 200 216077
::1 - - [08/Jan/2018:11:07:17 +0530] "GET /phpmyadmin/themes/pmahomme/img/sprites.png?v=4.5.2 HTTP/1.1" 200 46795
::1 - - [08/Jan/2018:11:07:17 +0530] "GET /phpmyadmin/favicon.ico HTTP/1.1" 200 22486
::1 - - [08/Jan/2018:11:07:50 +0530] "GET /concerto-platform HTTP/1.1" 404 302
127.0.0.1 - - [08/Jan/2018:11:09:26 +0530] "GET /concerto-platform/admin HTTP/1.1" 404 308
127.0.0.1 - - [08/Jan/2018:11:09:26 +0530] "GET /favicon.ico HTTP/1.1" 200 202575
::1 - - [08/Jan/2018:11:11:49 +0530] "-" 408 -
::1 - - [08/Jan/2018:11:11:49 +0530] "-" 408 -
::1 - - [08/Jan/2018:11:11:49 +0530] "-" 408 -
::1 - - [08/Jan/2018:11:11:49 +0530] "-" 408 -
::1 - - [08/Jan/2018:11:13:40 +0530] "GET /concerto-platform/admin HTTP/1.1" 404 308
::1 - - [08/Jan/2018:11:13:47 +0530] "GET /admin HTTP/1.1" 404 290
::1 - - [08/Jan/2018:11:14:13 +0530] "GET /concerto-platform/admin HTTP/1.1" 404 308
192.168.1.101 - - [08/Jan/2018:11:14:31 +0530] "GET /concerto-platform/admin HTTP/1.1" 403 326
192.168.1.101 - - [08/Jan/2018:11:14:31 +0530] "GET /favicon.ico HTTP/1.1" 403 314
::1 - - [08/Jan/2018:11:14:53 +0530] "GET /concerto-platform/admin HTTP/1.1" 404 308
::1 - - [08/Jan/2018:11:19:11 +0530] "GET / HTTP/1.1" 200 4903
::1 - - [08/Jan/2018:11:19:11 +0530] "GET /wampthemes/classic/style.css HTTP/1.1" 200 2466
::1 - - [08/Jan/2018:11:19:11 +0530] "GET /index.php?img=gifLogo HTTP/1.1" 200 4549
::1 - - [08/Jan/2018:11:19:11 +0530] "GET /index.php?img=pngFolder HTTP/1.1" 200 850
::1 - - [08/Jan/2018:11:19:11 +0530] "GET /index.php?img=pngPlugin HTTP/1.1" 200 548
::1 - - [08/Jan/2018:11:19:11 +0530] "GET /index.php?img=pngFolderGo HTTP/1.1" 200 694
::1 - - [08/Jan/2018:11:19:11 +0530] "GET /index.php?img=pngWrench HTTP/1.1" 200 741
::1 - - [08/Jan/2018:11:19:11 +0530] "GET /index.php?img=favicon HTTP/1.1" 200 1429
::1 - - [08/Jan/2018:11:19:25 +0530] "GET /phpmyadmin/ HTTP/1.1" 200 3018
::1 - - [08/Jan/2018:11:19:25 +0530] "GET /phpmyadmin/js/codemirror/lib/codemirror.css?v=4.5.2 HTTP/1.1" 200 7771
::1 - - [08/Jan/2018:11:19:25 +0530] "GET /phpmyadmin/themes/pmahomme/jquery/jquery-ui-1.11.2.css HTTP/1.1" 200 35212
::1 - - [08/Jan/2018:11:19:25 +0530] "GET /phpmyadmin/themes/pmahomme/css/printview.css?v=4.5.2 HTTP/1.1" 200 3082
::1 - - [08/Jan/2018:11:19:25 +0530] "GET /phpmyadmin/js/codemirror/addon/lint/lint.css?v=4.5.2 HTTP/1.1" 200 3068
::1 - - [08/Jan/2018:11:19:25 +0530] "GET /phpmyadmin/js/codemirror/addon/hint/show-hint.css?v=4.5.2 HTTP/1.1" 200 662
::1 - - [08/Jan/2018:11:19:25 +0530] "GET /phpmyadmin/js/get_scripts.js.php?scripts%5B%5D=common.js&scripts%5B%5D=config.js&scripts%5B%5D=page_settings.js&scripts%5B%5D=codemirror/lib/codemirror.js&scripts%5B%5D=codemirror/mode/sql/sql.js&scripts%5B%5D=codemirror/addon/runmode/runmode.js&scripts%5B%5D=codemirror/addon/hint/show-hint.js&scripts%5B%5D=codemirror/addon/hint/sql-hint.js&scripts%5B%5D=codemirror/addon/lint/lint.js&scripts%5B%5D=codemirror/addon/lint/sql-lint.js&scripts%5B%5D=console.js&v=4.5.2 HTTP/1.1" 200 129429
::1 - - [08/Jan/2018:11:19:25 +0530] "GET /phpmyadmin/phpmyadmin.css.php?nocache=4343720914ltr HTTP/1.1" 200 20074
::1 - - [08/Jan/2018:11:19:25 +0530] "GET /phpmyadmin/js/get_image.js.php?theme=pmahomme&v=4.5.2 HTTP/1.1" 200 1822
::1 - - [08/Jan/2018:11:19:25 +0530] "GET /phpmyadmin/js/messages.php?lang=en&db=&collation_connection=utf8_unicode_ci&token=14b62d7db7a46eb88e4338cfcb3114a2&v=4.5.2 HTTP/1.1" 200 8363
::1 - - [08/Jan/2018:11:19:25 +0530] "GET /phpmyadmin/js/whitelist.php?lang=en&db=&collation_connection=utf8_unicode_ci&token=14b62d7db7a46eb88e4338cfcb3114a2&v=4.5.2 HTTP/1.1" 200 482
::1 - - [08/Jan/2018:11:19:25 +0530] "GET /phpmyadmin/js/get_scripts.js.php?scripts%5B%5D=jquery/jquery-1.11.1.min.js&scripts%5B%5D=sprintf.js&scripts%5B%5D=ajax.js&scripts%5B%5D=keyhandler.js&scripts%5B%5D=jquery/jquery-ui-1.11.2.min.js&scripts%5B%5D=jquery/jquery.cookie.js&scripts%5B%5D=jquery/jquery.mousewheel.js&scripts%5B%5D=jquery/jquery.event.drag-2.2.js&scripts%5B%5D=jquery/jquery-ui-timepicker-addon.js&scripts%5B%5D=jquery/jquery.ba-hashchange-1.3.js&scripts%5B%5D=jquery/jquery.debounce-1.0.5.js&scripts%5B%5D=menu-resizer.js&scripts%5B%5D=cross_framing_protection.js&scripts%5B%5D=rte.js&scripts%5B%5D=tracekit/tracekit.js&scripts%5B%5D=error_report.js&scripts%5B%5D=doclinks.js&scripts%5B%5D=functions.js&scripts%5B%5D=navigation.js&scripts%5B%5D=indexes.js&v=4.5.2 HTTP/1.1" 200 216077
::1 - - [08/Jan/2018:11:19:26 +0530] "GET /phpmyadmin/themes/pmahomme/img/logo_right.png HTTP/1.1" 200 4548
::1 - - [08/Jan/2018:11:19:26 +0530] "GET /phpmyadmin/themes/dot.gif HTTP/1.1" 200 43
::1 - - [08/Jan/2018:11:19:26 +0530] "GET /phpmyadmin/favicon.ico HTTP/1.1" 200 22486
::1 - - [08/Jan/2018:11:19:26 +0530] "GET /phpmyadmin/themes/pmahomme/img/sprites.png?v=4.5.2 HTTP/1.1" 200 46795
::1 - - [08/Jan/2018:11:19:29 +0530] "GET /index.php?img=favicon HTTP/1.1" 200 1429
::1 - - [08/Jan/2018:11:42:48 +0530] "GET / HTTP/1.1" 200 4903
::1 - - [08/Jan/2018:11:42:48 +0530] "GET /index.php?img=gifLogo HTTP/1.1" 200 4549
::1 - - [08/Jan/2018:11:42:48 +0530] "GET /index.php?img=pngPlugin HTTP/1.1" 200 548
::1 - - [08/Jan/2018:11:42:48 +0530] "GET /index.php?img=pngFolderGo HTTP/1.1" 200 694
::1 - - [08/Jan/2018:11:42:48 +0530] "GET /index.php?img=pngFolder HTTP/1.1" 200 850
::1 - - [08/Jan/2018:11:42:48 +0530] "GET /index.php?img=pngWrench HTTP/1.1" 200 741
::1 - - [08/Jan/2018:11:43:06 +0530] "GET /concerto-platform/admin HTTP/1.1" 404 308
::1 - - [08/Jan/2018:11:43:13 +0530] "GET /admin HTTP/1.1" 404 290
::1 - - [08/Jan/2018:11:44:07 +0530] "-" 408 -
::1 - - [08/Jan/2018:11:44:07 +0530] "-" 408 -
::1 - - [08/Jan/2018:11:44:07 +0530] "-" 408 -
::1 - - [08/Jan/2018:11:44:07 +0530] "-" 408 -
::1 - - [08/Jan/2018:12:05:00 +0530] "GET /concerto-platform/admin HTTP/1.1" 404 308
::1 - - [08/Jan/2018:12:05:02 +0530] "GET / HTTP/1.1" 200 4903
::1 - - [08/Jan/2018:12:05:03 +0530] "GET /wampthemes/classic/style.css HTTP/1.1" 200 2466
::1 - - [08/Jan/2018:12:05:03 +0530] "GET /index.php?img=gifLogo HTTP/1.1" 200 4549
::1 - - [08/Jan/2018:12:05:03 +0530] "GET /index.php?img=pngPlugin HTTP/1.1" 200 548
::1 - - [08/Jan/2018:12:05:03 +0530] "GET /index.php?img=pngFolderGo HTTP/1.1" 200 694
::1 - - [08/Jan/2018:12:05:03 +0530] "GET /index.php?img=pngFolder HTTP/1.1" 200 850
::1 - - [08/Jan/2018:12:05:03 +0530] "GET /index.php?img=pngWrench HTTP/1.1" 200 741
::1 - - [08/Jan/2018:12:37:35 +0530] "GET /concerto-platform/admin HTTP/1.1" 404 308
::1 - - [08/Jan/2018:12:39:24 +0530] "GET /concerto-platform/admin HTTP/1.1" 404 308
::1 - - [08/Jan/2018:12:39:45 +0530] "GET /app_dev.php/admin HTTP/1.1" 404 302
::1 - - [08/Jan/2018:12:40:45 +0530] "-" 408 -
::1 - - [08/Jan/2018:12:40:45 +0530] "-" 408 -
::1 - - [08/Jan/2018:12:42:56 +0530] "GET /concerto-platform/admin HTTP/1.1" 404 308
::1 - - [08/Jan/2018:12:43:10 +0530] "GET /concerto-platform/admin HTTP/1.1" 404 308
::1 - - [08/Jan/2018:12:43:27 +0530] "GET /concerto-platform/admin HTTP/1.1" 404 308
::1 - - [08/Jan/2018:12:46:53 +0530] "GET /concerto-platform/admin HTTP/1.1" 404 308
::1 - - [08/Jan/2018:12:47:21 +0530] "GET / HTTP/1.1" 200 4903
::1 - - [08/Jan/2018:12:47:22 +0530] "GET /index.php?img=gifLogo HTTP/1.1" 200 4549
::1 - - [08/Jan/2018:12:47:22 +0530] "GET /index.php?img=pngPlugin HTTP/1.1" 200 548
::1 - - [08/Jan/2018:12:47:22 +0530] "GET /index.php?img=pngWrench HTTP/1.1" 200 741
::1 - - [08/Jan/2018:12:47:22 +0530] "GET /index.php?img=pngFolder HTTP/1.1" 200 850
::1 - - [08/Jan/2018:12:47:22 +0530] "GET /index.php?img=pngFolderGo HTTP/1.1" 200 694
::1 - - [08/Jan/2018:12:47:22 +0530] "GET /index.php?img=favicon HTTP/1.1" 200 1429
::1 - - [08/Jan/2018:12:48:07 +0530] "GET / HTTP/1.1" 200 4903
::1 - - [08/Jan/2018:12:48:07 +0530] "GET /index.php?img=gifLogo HTTP/1.1" 200 4549
::1 - - [08/Jan/2018:12:48:07 +0530] "GET /index.php?img=pngFolder HTTP/1.1" 200 850
::1 - - [08/Jan/2018:12:48:07 +0530] "GET /index.php?img=pngFolderGo HTTP/1.1" 200 694
::1 - - [08/Jan/2018:12:48:07 +0530] "GET /index.php?img=pngPlugin HTTP/1.1" 200 548
::1 - - [08/Jan/2018:12:48:07 +0530] "GET /index.php?img=pngWrench HTTP/1.1" 200 741
::1 - - [08/Jan/2018:12:48:07 +0530] "GET /index.php?img=favicon HTTP/1.1" 200 1429
::1 - - [08/Jan/2018:13:03:03 +0530] "GET / HTTP/1.1" 200 4903
::1 - - [08/Jan/2018:13:03:04 +0530] "GET /index.php?img=gifLogo HTTP/1.1" 200 4549
::1 - - [08/Jan/2018:13:03:04 +0530] "GET /index.php?img=pngPlugin HTTP/1.1" 200 548
::1 - - [08/Jan/2018:13:03:04 +0530] "GET /index.php?img=pngFolderGo HTTP/1.1" 200 694
::1 - - [08/Jan/2018:13:03:04 +0530] "GET /index.php?img=pngWrench HTTP/1.1" 200 741
::1 - - [08/Jan/2018:13:03:04 +0530] "GET /index.php?img=pngFolder HTTP/1.1" 200 850
::1 - - [08/Jan/2018:13:03:07 +0530] "GET / HTTP/1.1" 200 4903
::1 - - [08/Jan/2018:13:03:07 +0530] "GET /index.php?img=pngFolder HTTP/1.1" 200 850
::1 - - [08/Jan/2018:13:03:07 +0530] "GET /index.php?img=pngWrench HTTP/1.1" 200 741
::1 - - [08/Jan/2018:13:03:07 +0530] "GET /index.php?img=pngPlugin HTTP/1.1" 200 548
::1 - - [08/Jan/2018:13:03:07 +0530] "GET /index.php?img=gifLogo HTTP/1.1" 200 4549
::1 - - [08/Jan/2018:13:03:07 +0530] "GET /index.php?img=pngFolderGo HTTP/1.1" 200 694
::1 - - [08/Jan/2018:13:03:07 +0530] "GET /index.php?img=favicon HTTP/1.1" 200 1429
::1 - - [08/Jan/2018:13:04:10 +0530] "GET / HTTP/1.1" 200 4903
::1 - - [08/Jan/2018:13:04:10 +0530] "GET /index.php?img=gifLogo HTTP/1.1" 200 4549
::1 - - [08/Jan/2018:13:04:10 +0530] "GET /index.php?img=pngWrench HTTP/1.1" 200 741
::1 - - [08/Jan/2018:13:04:10 +0530] "GET /index.php?img=pngFolderGo HTTP/1.1" 200 694
::1 - - [08/Jan/2018:13:04:10 +0530] "GET /index.php?img=pngPlugin HTTP/1.1" 200 548
::1 - - [08/Jan/2018:13:04:10 +0530] "GET /index.php?img=pngFolder HTTP/1.1" 200 850
::1 - - [08/Jan/2018:13:04:10 +0530] "GET /index.php?img=favicon HTTP/1.1" 200 1429
::1 - - [08/Jan/2018:13:04:11 +0530] "GET / HTTP/1.1" 200 4903
::1 - - [08/Jan/2018:13:04:11 +0530] "GET /index.php?img=pngWrench HTTP/1.1" 200 741
::1 - - [08/Jan/2018:13:04:11 +0530] "GET /index.php?img=pngFolderGo HTTP/1.1" 200 694
::1 - - [08/Jan/2018:13:04:11 +0530] "GET /index.php?img=pngFolder HTTP/1.1" 200 850
::1 - - [08/Jan/2018:13:04:11 +0530] "GET /index.php?img=gifLogo HTTP/1.1" 200 4549
::1 - - [08/Jan/2018:13:04:11 +0530] "GET /index.php?img=pngPlugin HTTP/1.1" 200 548
::1 - - [08/Jan/2018:13:04:11 +0530] "GET /index.php?img=favicon HTTP/1.1" 200 1429
::1 - - [08/Jan/2018:13:04:11 +0530] "GET / HTTP/1.1" 200 4903
::1 - - [08/Jan/2018:13:04:11 +0530] "GET /index.php?img=pngPlugin HTTP/1.1" 200 548
::1 - - [08/Jan/2018:13:04:11 +0530] "GET /index.php?img=pngWrench HTTP/1.1" 200 741
::1 - - [08/Jan/2018:13:04:11 +0530] "GET /index.php?img=pngFolderGo HTTP/1.1" 200 694
::1 - - [08/Jan/2018:13:04:11 +0530] "GET /index.php?img=pngFolder HTTP/1.1" 200 850
::1 - - [08/Jan/2018:13:04:11 +0530] "GET /index.php?img=gifLogo HTTP/1.1" 200 4549
::1 - - [08/Jan/2018:13:04:11 +0530] "GET /index.php?img=favicon HTTP/1.1" 200 1429
::1 - - [08/Jan/2018:13:04:11 +0530] "GET / HTTP/1.1" 200 4903
::1 - - [08/Jan/2018:13:04:11 +0530] "GET /index.php?img=gifLogo HTTP/1.1" 200 4549
::1 - - [08/Jan/2018:13:04:11 +0530] "GET /index.php?img=pngPlugin HTTP/1.1" 200 548
::1 - - [08/Jan/2018:13:04:11 +0530] "GET /index.php?img=pngFolder HTTP/1.1" 200 850
::1 - - [08/Jan/2018:13:04:11 +0530] "GET /index.php?img=pngWrench HTTP/1.1" 200 741
::1 - - [08/Jan/2018:13:04:11 +0530] "GET /index.php?img=pngFolderGo HTTP/1.1" 200 694
::1 - - [08/Jan/2018:13:04:11 +0530] "GET /index.php?img=favicon HTTP/1.1" 200 1429
::1 - - [08/Jan/2018:13:04:11 +0530] "GET / HTTP/1.1" 200 4903
::1 - - [08/Jan/2018:13:04:12 +0530] "GET /index.php?img=pngWrench HTTP/1.1" 200 741
::1 - - [08/Jan/2018:13:04:12 +0530] "GET /index.php?img=pngPlugin HTTP/1.1" 200 548
::1 - - [08/Jan/2018:13:04:12 +0530] "GET /index.php?img=pngFolder HTTP/1.1" 200 850
::1 - - [08/Jan/2018:13:04:12 +0530] "GET /index.php?img=gifLogo HTTP/1.1" 200 4549
::1 - - [08/Jan/2018:13:04:12 +0530] "GET /index.php?img=pngFolderGo HTTP/1.1" 200 694
::1 - - [08/Jan/2018:13:04:12 +0530] "GET /index.php?img=favicon HTTP/1.1" 200 1429
::1 - - [08/Jan/2018:13:04:12 +0530] "GET / HTTP/1.1" 200 4903
::1 - - [08/Jan/2018:13:04:12 +0530] "GET /index.php?img=gifLogo HTTP/1.1" 200 4549
::1 - - [08/Jan/2018:13:04:12 +0530] "GET /index.php?img=pngFolder HTTP/1.1" 200 850
::1 - - [08/Jan/2018:13:04:12 +0530] "GET /index.php?img=pngWrench HTTP/1.1" 200 741
::1 - - [08/Jan/2018:13:04:12 +0530] "GET /index.php?img=pngPlugin HTTP/1.1" 200 548
::1 - - [08/Jan/2018:13:04:12 +0530] "GET /index.php?img=pngFolderGo HTTP/1.1" 200 694
::1 - - [08/Jan/2018:13:04:12 +0530] "GET /index.php?img=favicon HTTP/1.1" 200 1429
::1 - - [08/Jan/2018:13:04:12 +0530] "GET / HTTP/1.1" 200 4903
::1 - - [08/Jan/2018:13:04:12 +0530] "GET /index.php?img=gifLogo HTTP/1.1" 200 4549
::1 - - [08/Jan/2018:13:04:12 +0530] "GET /index.php?img=pngPlugin HTTP/1.1" 200 548
::1 - - [08/Jan/2018:13:04:12 +0530] "GET /index.php?img=pngFolder HTTP/1.1" 200 850
::1 - - [08/Jan/2018:13:04:12 +0530] "GET /index.php?img=pngFolderGo HTTP/1.1" 200 694
::1 - - [08/Jan/2018:13:04:12 +0530] "GET /index.php?img=pngWrench HTTP/1.1" 200 741
::1 - - [08/Jan/2018:13:04:12 +0530] "GET /index.php?img=favicon HTTP/1.1" 200 1429
::1 - - [08/Jan/2018:13:04:12 +0530] "GET / HTTP/1.1" 200 4903
::1 - - [08/Jan/2018:13:04:12 +0530] "GET /index.php?img=gifLogo HTTP/1.1" 200 4549
::1 - - [08/Jan/2018:13:04:12 +0530] "GET /index.php?img=pngPlugin HTTP/1.1" 200 548
::1 - - [08/Jan/2018:13:04:12 +0530] "GET /index.php?img=pngWrench HTTP/1.1" 200 741
::1 - - [08/Jan/2018:13:04:12 +0530] "GET /index.php?img=pngFolder HTTP/1.1" 200 850
::1 - - [08/Jan/2018:13:04:12 +0530] "GET /index.php?img=pngFolderGo HTTP/1.1" 200 694
::1 - - [08/Jan/2018:13:04:12 +0530] "GET /index.php?img=favicon HTTP/1.1" 200 1429
::1 - - [08/Jan/2018:13:04:12 +0530] "GET / HTTP/1.1" 200 4903
::1 - - [08/Jan/2018:13:04:13 +0530] "GET /index.php?img=gifLogo HTTP/1.1" 200 4549
::1 - - [08/Jan/2018:13:04:13 +0530] "GET /index.php?img=pngPlugin HTTP/1.1" 200 548
::1 - - [08/Jan/2018:13:04:13 +0530] "GET /index.php?img=pngWrench HTTP/1.1" 200 741
::1 - - [08/Jan/2018:13:04:13 +0530] "GET /index.php?img=pngFolderGo HTTP/1.1" 200 694
::1 - - [08/Jan/2018:13:04:13 +0530] "GET /index.php?img=pngFolder HTTP/1.1" 200 850
::1 - - [08/Jan/2018:13:04:13 +0530] "GET /index.php?img=favicon HTTP/1.1" 200 1429
::1 - - [08/Jan/2018:13:04:13 +0530] "GET / HTTP/1.1" 200 4903
::1 - - [08/Jan/2018:13:04:13 +0530] "GET /index.php?img=gifLogo HTTP/1.1" 200 4549
::1 - - [08/Jan/2018:13:04:13 +0530] "GET /index.php?img=pngWrench HTTP/1.1" 200 741
::1 - - [08/Jan/2018:13:04:13 +0530] "GET /index.php?img=pngFolderGo HTTP/1.1" 200 694
::1 - - [08/Jan/2018:13:04:13 +0530] "GET /index.php?img=pngPlugin HTTP/1.1" 200 548
::1 - - [08/Jan/2018:13:04:13 +0530] "GET /index.php?img=pngFolder HTTP/1.1" 200 850
::1 - - [08/Jan/2018:13:04:13 +0530] "GET /index.php?img=favicon HTTP/1.1" 200 1429
::1 - - [08/Jan/2018:13:06:13 +0530] "GET / HTTP/1.1" 200 4903
::1 - - [08/Jan/2018:13:06:13 +0530] "GET /index.php?img=gifLogo HTTP/1.1" 200 4549
::1 - - [08/Jan/2018:13:06:13 +0530] "GET /index.php?img=pngPlugin HTTP/1.1" 200 548
::1 - - [08/Jan/2018:13:06:13 +0530] "GET /index.php?img=pngFolder HTTP/1.1" 200 850
::1 - - [08/Jan/2018:13:06:13 +0530] "GET /index.php?img=pngFolderGo HTTP/1.1" 200 694
::1 - - [08/Jan/2018:13:06:13 +0530] "GET /index.php?img=pngWrench HTTP/1.1" 200 741
::1 - - [08/Jan/2018:13:06:13 +0530] "GET /index.php?img=favicon HTTP/1.1" 200 1429
::1 - - [08/Jan/2018:13:06:14 +0530] "GET / HTTP/1.1" 200 4903
::1 - - [08/Jan/2018:13:06:14 +0530] "GET /index.php?img=gifLogo HTTP/1.1" 200 4549
::1 - - [08/Jan/2018:13:06:14 +0530] "GET /index.php?img=pngPlugin HTTP/1.1" 200 548
::1 - - [08/Jan/2018:13:06:14 +0530] "GET /index.php?img=pngWrench HTTP/1.1" 200 741
::1 - - [08/Jan/2018:13:06:14 +0530] "GET /index.php?img=pngFolderGo HTTP/1.1" 200 694
::1 - - [08/Jan/2018:13:06:14 +0530] "GET /index.php?img=pngFolder HTTP/1.1" 200 850
::1 - - [08/Jan/2018:13:06:14 +0530] "GET /index.php?img=favicon HTTP/1.1" 200 1429
::1 - - [08/Jan/2018:13:06:14 +0530] "GET / HTTP/1.1" 200 4903
::1 - - [08/Jan/2018:13:06:14 +0530] "GET /index.php?img=pngWrench HTTP/1.1" 200 741
::1 - - [08/Jan/2018:13:06:14 +0530] "GET /index.php?img=pngPlugin HTTP/1.1" 200 548
::1 - - [08/Jan/2018:13:06:14 +0530] "GET /index.php?img=pngFolder HTTP/1.1" 200 850
::1 - - [08/Jan/2018:13:06:14 +0530] "GET /index.php?img=pngFolderGo HTTP/1.1" 200 694
::1 - - [08/Jan/2018:13:06:14 +0530] "GET /index.php?img=gifLogo HTTP/1.1" 200 4549
::1 - - [08/Jan/2018:13:06:14 +0530] "GET /index.php?img=favicon HTTP/1.1" 200 1429
::1 - - [08/Jan/2018:13:06:14 +0530] "GET / HTTP/1.1" 200 4903
::1 - - [08/Jan/2018:13:06:14 +0530] "GET /index.php?img=pngFolderGo HTTP/1.1" 200 694
::1 - - [08/Jan/2018:13:06:14 +0530] "GET /index.php?img=pngPlugin HTTP/1.1" 200 548
::1 - - [08/Jan/2018:13:06:14 +0530] "GET /index.php?img=pngFolder HTTP/1.1" 200 850
::1 - - [08/Jan/2018:13:06:14 +0530] "GET /index.php?img=pngWrench HTTP/1.1" 200 741
::1 - - [08/Jan/2018:13:06:14 +0530] "GET /index.php?img=gifLogo HTTP/1.1" 200 4549
::1 - - [08/Jan/2018:13:06:14 +0530] "GET /index.php?img=favicon HTTP/1.1" 200 1429
::1 - - [08/Jan/2018:13:06:14 +0530] "GET / HTTP/1.1" 200 4903
::1 - - [08/Jan/2018:13:06:14 +0530] "GET /index.php?img=gifLogo HTTP/1.1" 200 4549
::1 - - [08/Jan/2018:13:06:14 +0530] "GET /index.php?img=pngFolderGo HTTP/1.1" 200 694
::1 - - [08/Jan/2018:13:06:14 +0530] "GET /index.php?img=pngPlugin HTTP/1.1" 200 548
::1 - - [08/Jan/2018:13:06:14 +0530] "GET /index.php?img=pngFolder HTTP/1.1" 200 850
::1 - - [08/Jan/2018:13:06:14 +0530] "GET /index.php?img=pngWrench HTTP/1.1" 200 741
::1 - - [08/Jan/2018:13:06:14 +0530] "GET / HTTP/1.1" 200 4903
::1 - - [08/Jan/2018:13:06:14 +0530] "GET /index.php?img=gifLogo HTTP/1.1" 200 4549
::1 - - [08/Jan/2018:13:06:14 +0530] "GET /index.php?img=pngFolder HTTP/1.1" 200 850
::1 - - [08/Jan/2018:13:06:14 +0530] "GET /index.php?img=pngWrench HTTP/1.1" 200 741
::1 - - [08/Jan/2018:13:06:14 +0530] "GET /index.php?img=pngPlugin HTTP/1.1" 200 548
::1 - - [08/Jan/2018:13:06:14 +0530] "GET /index.php?img=pngFolderGo HTTP/1.1" 200 694
::1 - - [08/Jan/2018:13:06:14 +0530] "GET /index.php?img=favicon HTTP/1.1" 200 1429
::1 - - [08/Jan/2018:13:06:14 +0530] "GET / HTTP/1.1" 200 4903
::1 - - [08/Jan/2018:13:06:14 +0530] "GET /index.php?img=gifLogo HTTP/1.1" 200 4549
::1 - - [08/Jan/2018:13:06:14 +0530] "GET /index.php?img=pngPlugin HTTP/1.1" 200 548
::1 - - [08/Jan/2018:13:06:14 +0530] "GET /index.php?img=pngWrench HTTP/1.1" 200 741
::1 - - [08/Jan/2018:13:06:14 +0530] "GET /index.php?img=pngFolder HTTP/1.1" 200 850
::1 - - [08/Jan/2018:13:06:14 +0530] "GET /index.php?img=pngFolderGo HTTP/1.1" 200 694
::1 - - [08/Jan/2018:13:06:14 +0530] "GET /index.php?img=favicon HTTP/1.1" 200 1429
::1 - - [08/Jan/2018:13:06:15 +0530] "GET / HTTP/1.1" 200 4903
::1 - - [08/Jan/2018:13:06:15 +0530] "GET /index.php?img=gifLogo HTTP/1.1" 200 4549
::1 - - [08/Jan/2018:13:06:15 +0530] "GET /index.php?img=pngWrench HTTP/1.1" 200 741
::1 - - [08/Jan/2018:13:06:15 +0530] "GET /index.php?img=pngPlugin HTTP/1.1" 200 548
::1 - - [08/Jan/2018:13:06:15 +0530] "GET /index.php?img=pngFolder HTTP/1.1" 200 850
::1 - - [08/Jan/2018:13:06:15 +0530] "GET /index.php?img=pngFolderGo HTTP/1.1" 200 694
::1 - - [08/Jan/2018:13:06:15 +0530] "GET /index.php?img=favicon HTTP/1.1" 200 1429
::1 - - [08/Jan/2018:13:07:13 +0530] "-" 408 -
::1 - - [08/Jan/2018:14:12:45 +0530] "GET /concerto-platform/admin HTTP/1.1" 404 308
::1 - - [08/Jan/2018:14:15:47 +0530] "GET / HTTP/1.1" 200 4903
::1 - - [08/Jan/2018:14:15:47 +0530] "GET /index.php?img=gifLogo HTTP/1.1" 200 4549
::1 - - [08/Jan/2018:14:15:47 +0530] "GET /index.php?img=pngFolder HTTP/1.1" 200 850
::1 - - [08/Jan/2018:14:15:47 +0530] "GET /index.php?img=pngFolderGo HTTP/1.1" 200 694
::1 - - [08/Jan/2018:14:15:47 +0530] "GET /index.php?img=pngWrench HTTP/1.1" 200 741
::1 - - [08/Jan/2018:14:15:47 +0530] "GET /index.php?img=pngPlugin HTTP/1.1" 200 548
::1 - - [08/Jan/2018:14:15:47 +0530] "GET /index.php?img=favicon HTTP/1.1" 200 1429
::1 - - [08/Jan/2018:14:15:47 +0530] "GET / HTTP/1.1" 200 4903
::1 - - [08/Jan/2018:14:15:48 +0530] "GET /index.php?img=gifLogo HTTP/1.1" 200 4549
::1 - - [08/Jan/2018:14:15:48 +0530] "GET /index.php?img=pngFolder HTTP/1.1" 200 850
::1 - - [08/Jan/2018:14:15:48 +0530] "GET /index.php?img=pngPlugin HTTP/1.1" 200 548
::1 - - [08/Jan/2018:14:15:48 +0530] "GET /index.php?img=pngFolderGo HTTP/1.1" 200 694
::1 - - [08/Jan/2018:14:15:48 +0530] "GET /index.php?img=pngWrench HTTP/1.1" 200 741
::1 - - [08/Jan/2018:14:15:48 +0530] "GET /index.php?img=favicon HTTP/1.1" 200 1429
::1 - - [08/Jan/2018:14:15:48 +0530] "GET / HTTP/1.1" 200 4903
::1 - - [08/Jan/2018:14:15:48 +0530] "GET /index.php?img=gifLogo HTTP/1.1" 200 4549
::1 - - [08/Jan/2018:14:15:48 +0530] "GET /index.php?img=pngPlugin HTTP/1.1" 200 548
::1 - - [08/Jan/2018:14:15:48 +0530] "GET /index.php?img=pngFolderGo HTTP/1.1" 200 694
::1 - - [08/Jan/2018:14:15:48 +0530] "GET /index.php?img=pngWrench HTTP/1.1" 200 741
::1 - - [08/Jan/2018:14:15:48 +0530] "GET /index.php?img=pngFolder HTTP/1.1" 200 850
::1 - - [08/Jan/2018:14:15:48 +0530] "GET /index.php?img=favicon HTTP/1.1" 200 1429
::1 - - [08/Jan/2018:14:15:48 +0530] "GET / HTTP/1.1" 200 4903
::1 - - [08/Jan/2018:14:15:48 +0530] "GET /index.php?img=gifLogo HTTP/1.1" 200 4549
::1 - - [08/Jan/2018:14:15:48 +0530] "GET /index.php?img=pngPlugin HTTP/1.1" 200 548
::1 - - [08/Jan/2018:14:15:48 +0530] "GET /index.php?img=pngFolder HTTP/1.1" 200 850
::1 - - [08/Jan/2018:14:15:48 +0530] "GET /index.php?img=pngFolderGo HTTP/1.1" 200 694
::1 - - [08/Jan/2018:14:15:48 +0530] "GET /index.php?img=pngWrench HTTP/1.1" 200 741
::1 - - [08/Jan/2018:14:15:48 +0530] "GET /index.php?img=favicon HTTP/1.1" 200 1429
::1 - - [08/Jan/2018:14:15:48 +0530] "GET / HTTP/1.1" 200 4903
::1 - - [08/Jan/2018:14:15:48 +0530] "GET /index.php?img=pngPlugin HTTP/1.1" 200 548
::1 - - [08/Jan/2018:14:15:48 +0530] "GET /index.php?img=gifLogo HTTP/1.1" 200 4549
::1 - - [08/Jan/2018:14:15:48 +0530] "GET /index.php?img=pngWrench HTTP/1.1" 200 741
::1 - - [08/Jan/2018:14:15:48 +0530] "GET /index.php?img=pngFolder HTTP/1.1" 200 850
::1 - - [08/Jan/2018:14:15:48 +0530] "GET /index.php?img=pngFolderGo HTTP/1.1" 200 694
::1 - - [08/Jan/2018:14:15:48 +0530] "GET /index.php?img=favicon HTTP/1.1" 200 1429
::1 - - [08/Jan/2018:14:15:49 +0530] "GET / HTTP/1.1" 200 4903
::1 - - [08/Jan/2018:14:15:49 +0530] "GET /index.php?img=pngPlugin HTTP/1.1" 200 548
::1 - - [08/Jan/2018:14:15:49 +0530] "GET /index.php?img=pngWrench HTTP/1.1" 200 741
::1 - - [08/Jan/2018:14:15:49 +0530] "GET /index.php?img=gifLogo HTTP/1.1" 200 4549
::1 - - [08/Jan/2018:14:15:49 +0530] "GET /index.php?img=pngFolderGo HTTP/1.1" 200 694
::1 - - [08/Jan/2018:14:15:49 +0530] "GET /index.php?img=pngFolder HTTP/1.1" 200 850
::1 - - [08/Jan/2018:14:15:49 +0530] "GET /index.php?img=favicon HTTP/1.1" 200 1429
::1 - - [08/Jan/2018:14:15:52 +0530] "GET /?phpinfo=1 HTTP/1.1" 200 113752
::1 - - [08/Jan/2018:14:27:26 +0530] "GET /concerto-platform/admin HTTP/1.1" 404 308
::1 - - [08/Jan/2018:14:32:21 +0530] "GET /concerto-platform/admin HTTP/1.1" 404 308
::1 - - [08/Jan/2018:14:33:53 +0530] "GET /concerto-platform/admin HTTP/1.1" 404 308
::1 - - [08/Jan/2018:14:37:00 +0530] "GET /admin HTTP/1.1" 404 290
::1 - - [08/Jan/2018:14:38:00 +0530] "-" 408 -
::1 - - [08/Jan/2018:14:38:00 +0530] "-" 408 -
::1 - - [08/Jan/2018:14:38:00 +0530] "-" 408 -
::1 - - [08/Jan/2018:14:38:00 +0530] "-" 408 -
::1 - - [08/Jan/2018:14:38:00 +0530] "-" 408 -
::1 - - [08/Jan/2018:15:55:00 +0530] "GET /concerto-platform/admin HTTP/1.1" 404 308
::1 - - [08/Jan/2018:16:05:26 +0530] "GET / HTTP/1.1" 200 4903
::1 - - [08/Jan/2018:16:05:27 +0530] "GET /index.php?img=gifLogo HTTP/1.1" 200 4549
::1 - - [08/Jan/2018:16:05:27 +0530] "GET /index.php?img=pngFolder HTTP/1.1" 200 850
::1 - - [08/Jan/2018:16:05:27 +0530] "GET /index.php?img=pngWrench HTTP/1.1" 200 741
::1 - - [08/Jan/2018:16:05:27 +0530] "GET /index.php?img=pngPlugin HTTP/1.1" 200 548
::1 - - [08/Jan/2018:16:05:27 +0530] "GET /index.php?img=pngFolderGo HTTP/1.1" 200 694
::1 - - [08/Jan/2018:16:05:31 +0530] "GET /phpmyadmin/ HTTP/1.1" 200 2988
::1 - - [08/Jan/2018:16:05:32 +0530] "GET /phpmyadmin/js/whitelist.php?lang=en&db=&token=9fc5fa319a25cd5cbd1965fd0b172bc0&v=4.5.2 HTTP/1.1" 200 482
::1 - - [08/Jan/2018:16:05:32 +0530] "GET /phpmyadmin/js/get_scripts.js.php?scripts%5B%5D=common.js&scripts%5B%5D=config.js&scripts%5B%5D=page_settings.js&scripts%5B%5D=codemirror/lib/codemirror.js&scripts%5B%5D=codemirror/mode/sql/sql.js&scripts%5B%5D=codemirror/addon/runmode/runmode.js&scripts%5B%5D=codemirror/addon/hint/show-hint.js&scripts%5B%5D=codemirror/addon/hint/sql-hint.js&scripts%5B%5D=codemirror/addon/lint/lint.js&scripts%5B%5D=codemirror/addon/lint/sql-lint.js&scripts%5B%5D=console.js&v=4.5.2 HTTP/1.1" 200 129429
::1 - - [08/Jan/2018:16:05:32 +0530] "GET /phpmyadmin/js/get_scripts.js.php?scripts%5B%5D=jquery/jquery-1.11.1.min.js&scripts%5B%5D=sprintf.js&scripts%5B%5D=ajax.js&scripts%5B%5D=keyhandler.js&scripts%5B%5D=jquery/jquery-ui-1.11.2.min.js&scripts%5B%5D=jquery/jquery.cookie.js&scripts%5B%5D=jquery/jquery.mousewheel.js&scripts%5B%5D=jquery/jquery.event.drag-2.2.js&scripts%5B%5D=jquery/jquery-ui-timepicker-addon.js&scripts%5B%5D=jquery/jquery.ba-hashchange-1.3.js&scripts%5B%5D=jquery/jquery.debounce-1.0.5.js&scripts%5B%5D=menu-resizer.js&scripts%5B%5D=cross_framing_protection.js&scripts%5B%5D=rte.js&scripts%5B%5D=tracekit/tracekit.js&scripts%5B%5D=error_report.js&scripts%5B%5D=doclinks.js&scripts%5B%5D=functions.js&scripts%5B%5D=navigation.js&scripts%5B%5D=indexes.js&v=4.5.2 HTTP/1.1" 200 216077
::1 - - [08/Jan/2018:16:05:32 +0530] "GET /phpmyadmin/phpmyadmin.css.php?nocache=4343720914ltr HTTP/1.1" 200 20074
::1 - - [08/Jan/2018:16:05:32 +0530] "GET /phpmyadmin/js/get_image.js.php?theme=pmahomme&v=4.5.2 HTTP/1.1" 200 1822
::1 - - [08/Jan/2018:16:05:32 +0530] "GET /phpmyadmin/js/messages.php?lang=en&db=&token=9fc5fa319a25cd5cbd1965fd0b172bc0&v=4.5.2 HTTP/1.1" 200 8363
::1 - - [08/Jan/2018:16:05:40 +0530] "GET /phpsysinfo/ HTTP/1.1" 200 1687
::1 - - [08/Jan/2018:16:05:41 +0530] "GET /phpsysinfo/templates/phpsysinfo.css HTTP/1.1" 200 2371
::1 - - [08/Jan/2018:16:05:41 +0530] "GET /phpsysinfo/gfx/html.gif HTTP/1.1" 200 94
::1 - - [08/Jan/2018:16:05:41 +0530] "GET /phpsysinfo/index.php?disp=dynamic HTTP/1.1" 200 11314
::1 - - [08/Jan/2018:16:05:41 +0530] "GET /phpsysinfo/templates/plugin/jquery.dataTables.css HTTP/1.1" 200 362
::1 - - [08/Jan/2018:16:05:41 +0530] "GET /phpsysinfo/templates/plugin/jquery.treeTable.css HTTP/1.1" 200 601
::1 - - [08/Jan/2018:16:05:41 +0530] "GET /phpsysinfo/templates/plugin/jquery.jgrowl.css HTTP/1.1" 200 4112
::1 - - [08/Jan/2018:16:05:41 +0530] "GET /phpsysinfo/templates/plugin/nyroModal.full.css HTTP/1.1" 200 2889
::1 - - [08/Jan/2018:16:05:41 +0530] "GET /phpsysinfo/js.php?name=jquery.timers HTTP/1.1" 200 655
::1 - - [08/Jan/2018:16:05:41 +0530] "GET /phpsysinfo/js.php?name=jquery.treeTable HTTP/1.1" 200 2680
::1 - - [08/Jan/2018:16:05:41 +0530] "GET /phpsysinfo/js.php?name=jquery.jgrowl HTTP/1.1" 200 3963
::1 - - [08/Jan/2018:16:05:41 +0530] "GET /phpsysinfo/js.php?name=jquery.nyroModal HTTP/1.1" 200 19198
::1 - - [08/Jan/2018:16:05:41 +0530] "GET /phpsysinfo/js.php?name=phpsysinfo HTTP/1.1" 200 27213
::1 - - [08/Jan/2018:16:05:41 +0530] "GET /phpsysinfo/js.php?name=jquery.dataTables HTTP/1.1" 200 52603
::1 - - [08/Jan/2018:16:05:43 +0530] "GET /phpsysinfo/gfx/attention.png HTTP/1.1" 200 1500
::1 - - [08/Jan/2018:16:05:41 +0530] "GET /phpsysinfo/js.php?name=jquery HTTP/1.1" 200 72342
::1 - - [08/Jan/2018:16:05:43 +0530] "GET /phpsysinfo/gfx/body.png HTTP/1.1" 200 443
::1 - - [08/Jan/2018:16:05:43 +0530] "GET /phpsysinfo/language/language.php HTTP/1.1" 200 9920
::1 - - [08/Jan/2018:16:05:43 +0530] "GET /phpsysinfo/gfx/favicon.png HTTP/1.1" 200 479
::1 - - [08/Jan/2018:16:05:43 +0530] "GET /phpsysinfo/xml.php HTTP/1.1" 200 3063
::1 - - [08/Jan/2018:16:05:48 +0530] "GET /phpsysinfo/gfx/sort_both.png HTTP/1.1" 200 246
::1 - - [08/Jan/2018:16:05:48 +0530] "GET /phpsysinfo/gfx/sort_asc.png HTTP/1.1" 200 217
::1 - - [08/Jan/2018:16:05:48 +0530] "GET /phpsysinfo/gfx/treeTable/tv-collapsable.gif HTTP/1.1" 200 90
::1 - - [08/Jan/2018:16:05:48 +0530] "GET /phpsysinfo/gfx/treeTable/tv-item.gif HTTP/1.1" 200 70
::1 - - [08/Jan/2018:16:05:48 +0530] "GET /phpsysinfo/gfx/treeTable/blank.gif HTTP/1.1" 200 55
::1 - - [08/Jan/2018:16:05:48 +0530] "GET /phpsysinfo/gfx/treeTable/tv-item-last.gif HTTP/1.1" 200 66
::1 - - [08/Jan/2018:16:05:48 +0530] "GET /phpsysinfo/gfx/treeTable/vertline.gif HTTP/1.1" 200 68
::1 - - [08/Jan/2018:16:05:48 +0530] "GET /phpsysinfo/gfx/images/Win8.png HTTP/1.1" 200 903
::1 - - [08/Jan/2018:16:05:48 +0530] "GET /phpsysinfo/gfx/treeTable/tv-expandable.gif HTTP/1.1" 200 133
::1 - - [08/Jan/2018:16:05:48 +0530] "GET /phpsysinfo/gfx/treeTable/tv-expandable-last.gif HTTP/1.1" 200 131
::1 - - [08/Jan/2018:16:06:00 +0530] "GET /sqlbuddy/ HTTP/1.1" 302 -
::1 - - [08/Jan/2018:16:06:00 +0530] "GET /sqlbuddy/login.php HTTP/1.1" 200 1249
::1 - - [08/Jan/2018:16:06:01 +0530] "GET /sqlbuddy/css/navigation.css?ver=1_3_3 HTTP/1.1" 200 1578
::1 - - [08/Jan/2018:16:06:01 +0530] "GET /sqlbuddy/css/common.css?ver=1_3_3 HTTP/1.1" 200 13378
::1 - - [08/Jan/2018:16:06:01 +0530] "GET /sqlbuddy/js/movement.js?ver=1_3_3 HTTP/1.1" 200 4739
::1 - - [08/Jan/2018:16:06:01 +0530] "GET /sqlbuddy/themes/bittersweet/css/main.css?ver=1_3_3 HTTP/1.1" 200 2657
::1 - - [08/Jan/2018:16:06:01 +0530] "GET /sqlbuddy/js/helpers.js?ver=1_3_3 HTTP/1.1" 200 34324
::1 - - [08/Jan/2018:16:06:01 +0530] "GET /sqlbuddy/css/print.css?ver=1_3_3 HTTP/1.1" 200 478
::1 - - [08/Jan/2018:16:06:01 +0530] "GET /sqlbuddy/js/mootools-1.2-core.js?ver=1_3_3 HTTP/1.1" 200 45020
::1 - - [08/Jan/2018:16:06:01 +0530] "GET /sqlbuddy/images/button.png HTTP/1.1" 200 428
::1 - - [08/Jan/2018:16:06:04 +0530] "POST /sqlbuddy/login.php HTTP/1.1" 302 -
::1 - - [08/Jan/2018:16:06:04 +0530] "GET /sqlbuddy/ HTTP/1.1" 200 3284
::1 - - [08/Jan/2018:16:06:07 +0530] "GET /sqlbuddy/images/logo.png HTTP/1.1" 200 2249
::1 - - [08/Jan/2018:16:06:07 +0530] "GET /sqlbuddy/js/core.js?ver=1_3_3 HTTP/1.1" 200 23744
::1 - - [08/Jan/2018:16:06:07 +0530] "GET /sqlbuddy/images/window-shadow-bottom.png HTTP/1.1" 200 169
::1 - - [08/Jan/2018:16:06:07 +0530] "GET /sqlbuddy/themes/bittersweet/images/header.png HTTP/1.1" 200 170
::1 - - [08/Jan/2018:16:06:07 +0530] "GET /sqlbuddy/themes/bittersweet/images/initLoad-dark.png HTTP/1.1" 200 4389
::1 - - [08/Jan/2018:16:06:08 +0530] "GET /sqlbuddy/images/closedArrow.png HTTP/1.1" 200 247
::1 - - [08/Jan/2018:16:06:08 +0530] "GET /sqlbuddy/images/loading.gif HTTP/1.1" 200 673
::1 - - [08/Jan/2018:16:06:08 +0530] "GET /sqlbuddy/images/closeHover.png HTTP/1.1" 200 532
::1 - - [08/Jan/2018:16:06:08 +0530] "GET /sqlbuddy/images/schemaHeader.png HTTP/1.1" 200 158
::1 - - [08/Jan/2018:16:06:08 +0530] "GET /sqlbuddy/images/goto.png HTTP/1.1" 200 316
::1 - - [08/Jan/2018:16:06:08 +0530] "GET /sqlbuddy/images/openArrow.png HTTP/1.1" 200 244
::1 - - [08/Jan/2018:16:06:08 +0530] "GET /sqlbuddy/images/window-close.png HTTP/1.1" 200 346
::1 - - [08/Jan/2018:16:06:08 +0530] "GET /sqlbuddy/images/info.png HTTP/1.1" 200 252
::1 - - [08/Jan/2018:16:06:08 +0530] "GET /sqlbuddy/images/infoHover.png HTTP/1.1" 200 374
::1 - - [08/Jan/2018:16:06:08 +0530] "GET /sqlbuddy/images/window-button.png HTTP/1.1" 200 284
::1 - - [08/Jan/2018:16:06:08 +0530] "GET /sqlbuddy/images/window-center.png HTTP/1.1" 200 128
::1 - - [08/Jan/2018:16:06:08 +0530] "GET /sqlbuddy/images/window-header-center.png HTTP/1.1" 200 165
::1 - - [08/Jan/2018:16:06:08 +0530] "GET /sqlbuddy/images/window-header-left.png HTTP/1.1" 200 383
::1 - - [08/Jan/2018:16:06:08 +0530] "GET /sqlbuddy/images/window-header-right.png HTTP/1.1" 200 422
::1 - - [08/Jan/2018:16:06:08 +0530] "GET /sqlbuddy/images/window-resize.png HTTP/1.1" 200 185
::1 - - [08/Jan/2018:16:06:08 +0530] "GET /sqlbuddy/images/window-shadow-bottom-left.png HTTP/1.1" 200 302
::1 - - [08/Jan/2018:16:06:08 +0530] "GET /sqlbuddy/images/window-shadow-bottom-right.png HTTP/1.1" 200 330
::1 - - [08/Jan/2018:16:06:08 +0530] "GET /sqlbuddy/images/window-shadow-left.png HTTP/1.1" 200 148
::1 - - [08/Jan/2018:16:06:08 +0530] "GET /sqlbuddy/images/window-shadow-right.png HTTP/1.1" 200 151
::1 - - [08/Jan/2018:16:06:08 +0530] "POST /sqlbuddy/home.php?ajaxRequest=281&requestKey=5de60626cd97dcc2 HTTP/1.1" 200 2040
::1 - - [08/Jan/2018:16:06:32 +0530] "POST /phpmyadmin/index.php HTTP/1.1" 200 2988
::1 - - [08/Jan/2018:16:06:32 +0530] "GET /phpmyadmin/js/whitelist.php?lang=en&db=&token=52a6bca7f29abd78ea014475f7f5d9e6&v=4.5.2 HTTP/1.1" 200 482
::1 - - [08/Jan/2018:16:06:32 +0530] "GET /phpmyadmin/js/messages.php?lang=en&db=&token=52a6bca7f29abd78ea014475f7f5d9e6&v=4.5.2 HTTP/1.1" 200 8363
::1 - - [08/Jan/2018:16:06:39 +0530] "POST /phpmyadmin/index.php HTTP/1.1" 200 2987
::1 - - [08/Jan/2018:16:06:39 +0530] "GET /phpmyadmin/js/whitelist.php?lang=en&db=&token=9d322335481fec8bf8909d83d941ab9a&v=4.5.2 HTTP/1.1" 200 482
::1 - - [08/Jan/2018:16:06:39 +0530] "GET /phpmyadmin/js/messages.php?lang=en&db=&token=9d322335481fec8bf8909d83d941ab9a&v=4.5.2 HTTP/1.1" 200 8363
::1 - - [08/Jan/2018:16:06:43 +0530] "POST /phpmyadmin/index.php HTTP/1.1" 302 25
::1 - - [08/Jan/2018:16:06:44 +0530] "GET /phpmyadmin/index.php?token=9d322335481fec8bf8909d83d941ab9a HTTP/1.1" 200 12588
::1 - - [08/Jan/2018:16:06:45 +0530] "GET /phpmyadmin/themes/pmahomme/img/logo_left.png HTTP/1.1" 200 2327
::1 - - [08/Jan/2018:16:06:45 +0530] "GET /phpmyadmin/themes/pmahomme/img/ajax_clock_small.gif HTTP/1.1" 200 1810
::1 - - [08/Jan/2018:16:06:45 +0530] "GET /phpmyadmin/themes/pmahomme/img/s_collapseall.png HTTP/1.1" 200 170
::1 - - [08/Jan/2018:16:06:45 +0530] "GET /phpmyadmin/phpmyadmin.css.php?nocache=5859128718ltr HTTP/1.1" 200 20074
::1 - - [08/Jan/2018:16:06:45 +0530] "GET /phpmyadmin/themes/pmahomme/img/left_nav_bg.png HTTP/1.1" 200 297
::1 - - [08/Jan/2018:16:06:46 +0530] "POST /phpmyadmin/db_structure.php?ajax_request=1&favorite_table=1&sync_favorite_tables=1&token=9d322335481fec8bf8909d83d941ab9a HTTP/1.1" 200 143
::1 - - [08/Jan/2018:16:06:46 +0530] "GET /phpmyadmin/version_check.php?server=1&_nocache=1515407806357601442 HTTP/1.1" 200 39
::1 - - [08/Jan/2018:16:06:48 +0530] "GET /phpsysinfo/xml.php HTTP/1.1" 200 3064
::1 - - [08/Jan/2018:16:06:53 +0530] "POST /sqlbuddy/home.php?ajaxRequest=282&requestKey=5de60626cd97dcc2 HTTP/1.1" 200 2040
::1 - - [08/Jan/2018:16:07:49 +0530] "GET /phpsysinfo/xml.php HTTP/1.1" 200 3063
::1 - - [08/Jan/2018:16:08:49 +0530] "GET /phpsysinfo/xml.php HTTP/1.1" 200 3063
::1 - - [08/Jan/2018:16:09:49 +0530] "GET /phpsysinfo/xml.php HTTP/1.1" 200 3064
::1 - - [08/Jan/2018:16:10:49 +0530] "GET /phpsysinfo/xml.php HTTP/1.1" 200 3063
::1 - - [08/Jan/2018:16:11:49 +0530] "GET /phpsysinfo/xml.php HTTP/1.1" 200 3063
::1 - - [08/Jan/2018:16:11:57 +0530] "GET /phpmyadmin/navigation.php?ajax_request=1&token=9d322335481fec8bf8909d83d941ab9a&aPath=cm9vdA%3D%3D.Y29uY2VydG8%3D&vPath=cm9vdA%3D%3D.Y29uY2VydG8%3D&pos=0&pos2_name=&pos2_value=&searchClause=&searchClause2=&_nocache=1515408117323944617 HTTP/1.1" 200 1363
::1 - - [08/Jan/2018:16:12:49 +0530] "GET /phpsysinfo/xml.php HTTP/1.1" 200 3063
::1 - - [08/Jan/2018:16:13:49 +0530] "GET /phpsysinfo/xml.php HTTP/1.1" 200 3065
::1 - - [08/Jan/2018:16:14:49 +0530] "GET /phpsysinfo/xml.php HTTP/1.1" 200 3064
::1 - - [08/Jan/2018:16:15:49 +0530] "GET /phpsysinfo/xml.php HTTP/1.1" 200 3063
::1 - - [08/Jan/2018:16:16:49 +0530] "GET /phpsysinfo/xml.php HTTP/1.1" 200 3063
::1 - - [08/Jan/2018:16:17:49 +0530] "GET /phpsysinfo/xml.php HTTP/1.1" 200 3065
::1 - - [08/Jan/2018:16:18:49 +0530] "GET /phpsysinfo/xml.php HTTP/1.1" 200 3063
::1 - - [08/Jan/2018:16:19:49 +0530] "GET /phpsysinfo/xml.php HTTP/1.1" 200 3063
::1 - - [08/Jan/2018:16:20:49 +0530] "GET /phpsysinfo/xml.php HTTP/1.1" 200 3066
::1 - - [08/Jan/2018:16:21:49 +0530] "GET /phpsysinfo/xml.php HTTP/1.1" 200 3066
::1 - - [08/Jan/2018:16:22:49 +0530] "GET /phpsysinfo/xml.php HTTP/1.1" 200 3117
::1 - - [08/Jan/2018:16:23:49 +0530] "GET /phpsysinfo/xml.php HTTP/1.1" 200 3117
::1 - - [08/Jan/2018:16:24:49 +0530] "GET /phpsysinfo/xml.php HTTP/1.1" 200 3117
::1 - - [08/Jan/2018:16:25:49 +0530] "GET /phpsysinfo/xml.php HTTP/1.1" 200 3119
::1 - - [08/Jan/2018:16:26:49 +0530] "GET /phpsysinfo/xml.php HTTP/1.1" 200 3120
::1 - - [08/Jan/2018:16:27:49 +0530] "GET /phpsysinfo/xml.php HTTP/1.1" 200 3117
