[08-Jan-2018 07:33:45 UTC] PHP Warning:  chmod(): Permission denied in C:\wamp64\scripts\config.inc.php on line 68
[08-Jan-2018 07:33:45 UTC] Impossible to modify the file C:\Windows\system32\drivers\etc\hosts to be writable
[08-Jan-2018 07:33:45 UTC] The file C:\Windows\system32\drivers\etc\hosts is not writable
[08-Jan-2018 07:33:45 UTC] PHP Warning:  fopen(C:/wamp64/bin/mysql/mysql5.7.9/./my.ini): failed to open stream: Permission denied in C:\wamp64\scripts\wampserver.lib.php on line 308
[08-Jan-2018 07:33:45 UTC] PHP Warning:  fwrite() expects parameter 1 to be resource, boolean given in C:\wamp64\scripts\wampserver.lib.php on line 309
[08-Jan-2018 07:33:45 UTC] PHP Warning:  fclose() expects parameter 1 to be resource, boolean given in C:\wamp64\scripts\wampserver.lib.php on line 310
[08-Jan-2018 07:33:45 UTC] PHP Warning:  file_put_contents(../wampmanager.tpl): failed to open stream: Permission denied in C:\wamp64\scripts\wampserver.lib.php on line 172
[08-Jan-2018 07:33:45 UTC] PHP Warning:  fopen(../wampmanager.ini): failed to open stream: Permission denied in C:\wamp64\scripts\refresh.php on line 1227
[08-Jan-2018 07:33:45 UTC] PHP Warning:  fwrite() expects parameter 1 to be resource, boolean given in C:\wamp64\scripts\refresh.php on line 1228
[08-Jan-2018 07:33:45 UTC] PHP Warning:  fclose() expects parameter 1 to be resource, boolean given in C:\wamp64\scripts\refresh.php on line 1229
[08-Jan-2018 07:33:45 UTC] PHP Warning:  chmod(): Permission denied in C:\wamp64\scripts\config.inc.php on line 68
[08-Jan-2018 07:33:45 UTC] Impossible to modify the file C:\Windows\system32\drivers\etc\hosts to be writable
[08-Jan-2018 07:33:45 UTC] The file C:\Windows\system32\drivers\etc\hosts is not writable
[08-Jan-2018 07:33:45 UTC] PHP Warning:  unlink(C:/wamp64/bin/apache/apache2.4.17/bin/icudt54.dll): Permission denied in C:\wamp64\scripts\wampserver.lib.php on line 79
[08-Jan-2018 07:33:45 UTC] PHP Warning:  symlink(): Cannot create symlink, error code(1314) in C:\wamp64\scripts\wampserver.lib.php on line 82
[08-Jan-2018 07:33:45 UTC] PHP Warning:  unlink(C:/wamp64/bin/apache/apache2.4.17/bin/icuin54.dll): Permission denied in C:\wamp64\scripts\wampserver.lib.php on line 79
[08-Jan-2018 07:33:46 UTC] PHP Warning:  symlink(): Cannot create symlink, error code(1314) in C:\wamp64\scripts\wampserver.lib.php on line 82
[08-Jan-2018 07:33:46 UTC] PHP Warning:  unlink(C:/wamp64/bin/apache/apache2.4.17/bin/icuio54.dll): Permission denied in C:\wamp64\scripts\wampserver.lib.php on line 79
[08-Jan-2018 07:33:46 UTC] PHP Warning:  symlink(): Cannot create symlink, error code(1314) in C:\wamp64\scripts\wampserver.lib.php on line 82
[08-Jan-2018 07:33:46 UTC] PHP Warning:  unlink(C:/wamp64/bin/apache/apache2.4.17/bin/icule54.dll): Permission denied in C:\wamp64\scripts\wampserver.lib.php on line 79
[08-Jan-2018 07:33:46 UTC] PHP Warning:  symlink(): Cannot create symlink, error code(1314) in C:\wamp64\scripts\wampserver.lib.php on line 82
[08-Jan-2018 07:33:46 UTC] PHP Warning:  unlink(C:/wamp64/bin/apache/apache2.4.17/bin/iculx54.dll): Permission denied in C:\wamp64\scripts\wampserver.lib.php on line 79
[08-Jan-2018 07:33:46 UTC] PHP Warning:  symlink(): Cannot create symlink, error code(1314) in C:\wamp64\scripts\wampserver.lib.php on line 82
[08-Jan-2018 07:33:46 UTC] PHP Warning:  unlink(C:/wamp64/bin/apache/apache2.4.17/bin/icutest54.dll): Permission denied in C:\wamp64\scripts\wampserver.lib.php on line 79
[08-Jan-2018 07:33:46 UTC] PHP Warning:  symlink(): Cannot create symlink, error code(1314) in C:\wamp64\scripts\wampserver.lib.php on line 82
[08-Jan-2018 07:33:46 UTC] PHP Warning:  unlink(C:/wamp64/bin/apache/apache2.4.17/bin/icutu54.dll): Permission denied in C:\wamp64\scripts\wampserver.lib.php on line 79
[08-Jan-2018 07:33:46 UTC] PHP Warning:  symlink(): Cannot create symlink, error code(1314) in C:\wamp64\scripts\wampserver.lib.php on line 82
[08-Jan-2018 07:33:46 UTC] PHP Warning:  unlink(C:/wamp64/bin/apache/apache2.4.17/bin/icuuc54.dll): Permission denied in C:\wamp64\scripts\wampserver.lib.php on line 79
[08-Jan-2018 07:33:46 UTC] PHP Warning:  symlink(): Cannot create symlink, error code(1314) in C:\wamp64\scripts\wampserver.lib.php on line 82
[08-Jan-2018 07:33:46 UTC] PHP Warning:  unlink(C:/wamp64/bin/apache/apache2.4.17/bin/libeay32.dll): Permission denied in C:\wamp64\scripts\wampserver.lib.php on line 79
[08-Jan-2018 07:33:46 UTC] PHP Warning:  symlink(): Cannot create symlink, error code(1314) in C:\wamp64\scripts\wampserver.lib.php on line 82
[08-Jan-2018 07:33:46 UTC] PHP Warning:  unlink(C:/wamp64/bin/apache/apache2.4.17/bin/libsasl.dll): Permission denied in C:\wamp64\scripts\wampserver.lib.php on line 79
[08-Jan-2018 07:33:46 UTC] PHP Warning:  symlink(): Cannot create symlink, error code(1314) in C:\wamp64\scripts\wampserver.lib.php on line 82
[08-Jan-2018 07:33:46 UTC] PHP Warning:  unlink(C:/wamp64/bin/apache/apache2.4.17/bin/libpq.dll): Permission denied in C:\wamp64\scripts\wampserver.lib.php on line 79
[08-Jan-2018 07:33:46 UTC] PHP Warning:  symlink(): Cannot create symlink, error code(1314) in C:\wamp64\scripts\wampserver.lib.php on line 82
[08-Jan-2018 07:33:46 UTC] PHP Warning:  unlink(C:/wamp64/bin/apache/apache2.4.17/bin/libssh2.dll): Permission denied in C:\wamp64\scripts\wampserver.lib.php on line 79
[08-Jan-2018 07:33:46 UTC] PHP Warning:  symlink(): Cannot create symlink, error code(1314) in C:\wamp64\scripts\wampserver.lib.php on line 82
[08-Jan-2018 07:33:46 UTC] PHP Warning:  unlink(C:/wamp64/bin/apache/apache2.4.17/bin/ssleay32.dll): Permission denied in C:\wamp64\scripts\wampserver.lib.php on line 79
[08-Jan-2018 07:33:46 UTC] PHP Warning:  symlink(): Cannot create symlink, error code(1314) in C:\wamp64\scripts\wampserver.lib.php on line 82
[08-Jan-2018 07:33:46 UTC] PHP Warning:  unlink(C:/wamp64/bin/apache/apache2.4.17/bin/php5ts.dll): Permission denied in C:\wamp64\scripts\wampserver.lib.php on line 79
[08-Jan-2018 07:33:46 UTC] PHP Warning:  symlink(): Cannot create symlink, error code(1314) in C:\wamp64\scripts\wampserver.lib.php on line 82
[08-Jan-2018 07:33:46 UTC] PHP Warning:  unlink(C:/wamp64/bin/apache/apache2.4.17/bin/php.ini): Permission denied in C:\wamp64\scripts\wampserver.lib.php on line 89
[08-Jan-2018 07:33:46 UTC] PHP Warning:  symlink(): Cannot create symlink, error code(1314) in C:\wamp64\scripts\wampserver.lib.php on line 91
[08-Jan-2018 08:41:46 UTC] PHP Warning:  chmod(): Permission denied in C:\wamp64\scripts\config.inc.php on line 68
[08-Jan-2018 08:41:46 UTC] Impossible to modify the file C:\Windows\system32\drivers\etc\hosts to be writable
[08-Jan-2018 08:41:46 UTC] The file C:\Windows\system32\drivers\etc\hosts is not writable
[08-Jan-2018 08:41:46 UTC] PHP Warning:  fopen(C:/wamp64/bin/mysql/mysql5.7.9/./my.ini): failed to open stream: Permission denied in C:\wamp64\scripts\wampserver.lib.php on line 308
[08-Jan-2018 08:41:46 UTC] PHP Warning:  fwrite() expects parameter 1 to be resource, boolean given in C:\wamp64\scripts\wampserver.lib.php on line 309
[08-Jan-2018 08:41:46 UTC] PHP Warning:  fclose() expects parameter 1 to be resource, boolean given in C:\wamp64\scripts\wampserver.lib.php on line 310
[08-Jan-2018 08:41:46 UTC] PHP Warning:  file_put_contents(../wampmanager.tpl): failed to open stream: Permission denied in C:\wamp64\scripts\wampserver.lib.php on line 172
[08-Jan-2018 08:41:46 UTC] PHP Warning:  fopen(../wampmanager.ini): failed to open stream: Permission denied in C:\wamp64\scripts\refresh.php on line 1227
[08-Jan-2018 08:41:46 UTC] PHP Warning:  fwrite() expects parameter 1 to be resource, boolean given in C:\wamp64\scripts\refresh.php on line 1228
[08-Jan-2018 08:41:46 UTC] PHP Warning:  fclose() expects parameter 1 to be resource, boolean given in C:\wamp64\scripts\refresh.php on line 1229
[08-Jan-2018 08:41:46 UTC] PHP Warning:  chmod(): Permission denied in C:\wamp64\scripts\config.inc.php on line 68
[08-Jan-2018 08:41:46 UTC] Impossible to modify the file C:\Windows\system32\drivers\etc\hosts to be writable
[08-Jan-2018 08:41:46 UTC] The file C:\Windows\system32\drivers\etc\hosts is not writable
[08-Jan-2018 08:41:46 UTC] PHP Warning:  unlink(C:/wamp64/bin/apache/apache2.4.17/bin/icudt54.dll): Permission denied in C:\wamp64\scripts\wampserver.lib.php on line 79
[08-Jan-2018 08:41:46 UTC] PHP Warning:  symlink(): Cannot create symlink, error code(1314) in C:\wamp64\scripts\wampserver.lib.php on line 82
[08-Jan-2018 08:41:46 UTC] PHP Warning:  unlink(C:/wamp64/bin/apache/apache2.4.17/bin/icuin54.dll): Permission denied in C:\wamp64\scripts\wampserver.lib.php on line 79
[08-Jan-2018 08:41:46 UTC] PHP Warning:  symlink(): Cannot create symlink, error code(1314) in C:\wamp64\scripts\wampserver.lib.php on line 82
[08-Jan-2018 08:41:46 UTC] PHP Warning:  unlink(C:/wamp64/bin/apache/apache2.4.17/bin/icuio54.dll): Permission denied in C:\wamp64\scripts\wampserver.lib.php on line 79
[08-Jan-2018 08:41:46 UTC] PHP Warning:  symlink(): Cannot create symlink, error code(1314) in C:\wamp64\scripts\wampserver.lib.php on line 82
[08-Jan-2018 08:41:46 UTC] PHP Warning:  unlink(C:/wamp64/bin/apache/apache2.4.17/bin/icule54.dll): Permission denied in C:\wamp64\scripts\wampserver.lib.php on line 79
[08-Jan-2018 08:41:46 UTC] PHP Warning:  symlink(): Cannot create symlink, error code(1314) in C:\wamp64\scripts\wampserver.lib.php on line 82
[08-Jan-2018 08:41:46 UTC] PHP Warning:  unlink(C:/wamp64/bin/apache/apache2.4.17/bin/iculx54.dll): Permission denied in C:\wamp64\scripts\wampserver.lib.php on line 79
[08-Jan-2018 08:41:46 UTC] PHP Warning:  symlink(): Cannot create symlink, error code(1314) in C:\wamp64\scripts\wampserver.lib.php on line 82
[08-Jan-2018 08:41:46 UTC] PHP Warning:  unlink(C:/wamp64/bin/apache/apache2.4.17/bin/icutest54.dll): Permission denied in C:\wamp64\scripts\wampserver.lib.php on line 79
[08-Jan-2018 08:41:46 UTC] PHP Warning:  symlink(): Cannot create symlink, error code(1314) in C:\wamp64\scripts\wampserver.lib.php on line 82
[08-Jan-2018 08:41:46 UTC] PHP Warning:  unlink(C:/wamp64/bin/apache/apache2.4.17/bin/icutu54.dll): Permission denied in C:\wamp64\scripts\wampserver.lib.php on line 79
[08-Jan-2018 08:41:46 UTC] PHP Warning:  symlink(): Cannot create symlink, error code(1314) in C:\wamp64\scripts\wampserver.lib.php on line 82
[08-Jan-2018 08:41:46 UTC] PHP Warning:  unlink(C:/wamp64/bin/apache/apache2.4.17/bin/icuuc54.dll): Permission denied in C:\wamp64\scripts\wampserver.lib.php on line 79
[08-Jan-2018 08:41:46 UTC] PHP Warning:  symlink(): Cannot create symlink, error code(1314) in C:\wamp64\scripts\wampserver.lib.php on line 82
[08-Jan-2018 08:41:46 UTC] PHP Warning:  unlink(C:/wamp64/bin/apache/apache2.4.17/bin/libeay32.dll): Permission denied in C:\wamp64\scripts\wampserver.lib.php on line 79
[08-Jan-2018 08:41:46 UTC] PHP Warning:  symlink(): Cannot create symlink, error code(1314) in C:\wamp64\scripts\wampserver.lib.php on line 82
[08-Jan-2018 08:41:46 UTC] PHP Warning:  unlink(C:/wamp64/bin/apache/apache2.4.17/bin/libsasl.dll): Permission denied in C:\wamp64\scripts\wampserver.lib.php on line 79
[08-Jan-2018 08:41:46 UTC] PHP Warning:  symlink(): Cannot create symlink, error code(1314) in C:\wamp64\scripts\wampserver.lib.php on line 82
[08-Jan-2018 08:41:46 UTC] PHP Warning:  unlink(C:/wamp64/bin/apache/apache2.4.17/bin/libpq.dll): Permission denied in C:\wamp64\scripts\wampserver.lib.php on line 79
[08-Jan-2018 08:41:46 UTC] PHP Warning:  symlink(): Cannot create symlink, error code(1314) in C:\wamp64\scripts\wampserver.lib.php on line 82
[08-Jan-2018 08:41:46 UTC] PHP Warning:  unlink(C:/wamp64/bin/apache/apache2.4.17/bin/libssh2.dll): Permission denied in C:\wamp64\scripts\wampserver.lib.php on line 79
[08-Jan-2018 08:41:46 UTC] PHP Warning:  symlink(): Cannot create symlink, error code(1314) in C:\wamp64\scripts\wampserver.lib.php on line 82
[08-Jan-2018 08:41:46 UTC] PHP Warning:  unlink(C:/wamp64/bin/apache/apache2.4.17/bin/ssleay32.dll): Permission denied in C:\wamp64\scripts\wampserver.lib.php on line 79
[08-Jan-2018 08:41:46 UTC] PHP Warning:  symlink(): Cannot create symlink, error code(1314) in C:\wamp64\scripts\wampserver.lib.php on line 82
[08-Jan-2018 08:41:46 UTC] PHP Warning:  unlink(C:/wamp64/bin/apache/apache2.4.17/bin/php5ts.dll): Permission denied in C:\wamp64\scripts\wampserver.lib.php on line 79
[08-Jan-2018 08:41:46 UTC] PHP Warning:  symlink(): Cannot create symlink, error code(1314) in C:\wamp64\scripts\wampserver.lib.php on line 82
[08-Jan-2018 08:41:46 UTC] PHP Warning:  unlink(C:/wamp64/bin/apache/apache2.4.17/bin/php.ini): Permission denied in C:\wamp64\scripts\wampserver.lib.php on line 89
[08-Jan-2018 08:41:46 UTC] PHP Warning:  symlink(): Cannot create symlink, error code(1314) in C:\wamp64\scripts\wampserver.lib.php on line 91
[08-Jan-2018 08:41:57 UTC] PHP Warning:  unlink(C:/wamp64/bin/apache/apache2.4.17/bin/icudt54.dll): Permission denied in C:\wamp64\scripts\wampserver.lib.php on line 79
[08-Jan-2018 08:41:57 UTC] PHP Warning:  symlink(): Cannot create symlink, error code(183) in C:\wamp64\scripts\wampserver.lib.php on line 82
[08-Jan-2018 08:41:57 UTC] PHP Warning:  unlink(C:/wamp64/bin/apache/apache2.4.17/bin/icuin54.dll): Permission denied in C:\wamp64\scripts\wampserver.lib.php on line 79
[08-Jan-2018 08:41:57 UTC] PHP Warning:  symlink(): Cannot create symlink, error code(183) in C:\wamp64\scripts\wampserver.lib.php on line 82
[08-Jan-2018 08:41:57 UTC] PHP Warning:  unlink(C:/wamp64/bin/apache/apache2.4.17/bin/icuio54.dll): Permission denied in C:\wamp64\scripts\wampserver.lib.php on line 79
[08-Jan-2018 08:41:57 UTC] PHP Warning:  symlink(): Cannot create symlink, error code(183) in C:\wamp64\scripts\wampserver.lib.php on line 82
[08-Jan-2018 08:41:57 UTC] PHP Warning:  unlink(C:/wamp64/bin/apache/apache2.4.17/bin/icuuc54.dll): Permission denied in C:\wamp64\scripts\wampserver.lib.php on line 79
[08-Jan-2018 08:41:57 UTC] PHP Warning:  symlink(): Cannot create symlink, error code(183) in C:\wamp64\scripts\wampserver.lib.php on line 82
[08-Jan-2018 08:41:57 UTC] PHP Warning:  unlink(C:/wamp64/bin/apache/apache2.4.17/bin/libeay32.dll): Permission denied in C:\wamp64\scripts\wampserver.lib.php on line 79
[08-Jan-2018 08:41:57 UTC] PHP Warning:  symlink(): Cannot create symlink, error code(183) in C:\wamp64\scripts\wampserver.lib.php on line 82
[08-Jan-2018 08:41:57 UTC] PHP Warning:  unlink(C:/wamp64/bin/apache/apache2.4.17/bin/libsasl.dll): Permission denied in C:\wamp64\scripts\wampserver.lib.php on line 79
[08-Jan-2018 08:41:57 UTC] PHP Warning:  symlink(): Cannot create symlink, error code(183) in C:\wamp64\scripts\wampserver.lib.php on line 82
[08-Jan-2018 08:41:57 UTC] PHP Warning:  unlink(C:/wamp64/bin/apache/apache2.4.17/bin/libssh2.dll): Permission denied in C:\wamp64\scripts\wampserver.lib.php on line 79
[08-Jan-2018 08:41:57 UTC] PHP Warning:  symlink(): Cannot create symlink, error code(183) in C:\wamp64\scripts\wampserver.lib.php on line 82
[08-Jan-2018 08:41:57 UTC] PHP Warning:  unlink(C:/wamp64/bin/apache/apache2.4.17/bin/ssleay32.dll): Permission denied in C:\wamp64\scripts\wampserver.lib.php on line 79
[08-Jan-2018 08:41:57 UTC] PHP Warning:  symlink(): Cannot create symlink, error code(183) in C:\wamp64\scripts\wampserver.lib.php on line 82
[08-Jan-2018 08:41:57 UTC] PHP Warning:  unlink(C:/wamp64/bin/apache/apache2.4.17/bin/php5ts.dll): Permission denied in C:\wamp64\scripts\wampserver.lib.php on line 79
[08-Jan-2018 08:41:57 UTC] PHP Warning:  symlink(): Cannot create symlink, error code(183) in C:\wamp64\scripts\wampserver.lib.php on line 82
[08-Jan-2018 08:42:21 UTC] PHP Warning:  unlink(C:/wamp64/bin/apache/apache2.4.17/bin/icudt54.dll): Permission denied in C:\wamp64\scripts\wampserver.lib.php on line 79
[08-Jan-2018 08:42:21 UTC] PHP Warning:  symlink(): Cannot create symlink, error code(183) in C:\wamp64\scripts\wampserver.lib.php on line 82
[08-Jan-2018 08:42:21 UTC] PHP Warning:  unlink(C:/wamp64/bin/apache/apache2.4.17/bin/icuin54.dll): Permission denied in C:\wamp64\scripts\wampserver.lib.php on line 79
[08-Jan-2018 08:42:21 UTC] PHP Warning:  symlink(): Cannot create symlink, error code(183) in C:\wamp64\scripts\wampserver.lib.php on line 82
[08-Jan-2018 08:42:21 UTC] PHP Warning:  unlink(C:/wamp64/bin/apache/apache2.4.17/bin/icuio54.dll): Permission denied in C:\wamp64\scripts\wampserver.lib.php on line 79
[08-Jan-2018 08:42:21 UTC] PHP Warning:  symlink(): Cannot create symlink, error code(183) in C:\wamp64\scripts\wampserver.lib.php on line 82
[08-Jan-2018 08:42:21 UTC] PHP Warning:  unlink(C:/wamp64/bin/apache/apache2.4.17/bin/icuuc54.dll): Permission denied in C:\wamp64\scripts\wampserver.lib.php on line 79
[08-Jan-2018 08:42:21 UTC] PHP Warning:  symlink(): Cannot create symlink, error code(183) in C:\wamp64\scripts\wampserver.lib.php on line 82
[08-Jan-2018 08:42:21 UTC] PHP Warning:  unlink(C:/wamp64/bin/apache/apache2.4.17/bin/libeay32.dll): Permission denied in C:\wamp64\scripts\wampserver.lib.php on line 79
[08-Jan-2018 08:42:21 UTC] PHP Warning:  symlink(): Cannot create symlink, error code(183) in C:\wamp64\scripts\wampserver.lib.php on line 82
[08-Jan-2018 08:42:21 UTC] PHP Warning:  unlink(C:/wamp64/bin/apache/apache2.4.17/bin/libsasl.dll): Permission denied in C:\wamp64\scripts\wampserver.lib.php on line 79
[08-Jan-2018 08:42:21 UTC] PHP Warning:  symlink(): Cannot create symlink, error code(183) in C:\wamp64\scripts\wampserver.lib.php on line 82
[08-Jan-2018 08:42:21 UTC] PHP Warning:  unlink(C:/wamp64/bin/apache/apache2.4.17/bin/libssh2.dll): Permission denied in C:\wamp64\scripts\wampserver.lib.php on line 79
[08-Jan-2018 08:42:21 UTC] PHP Warning:  symlink(): Cannot create symlink, error code(183) in C:\wamp64\scripts\wampserver.lib.php on line 82
[08-Jan-2018 08:42:21 UTC] PHP Warning:  unlink(C:/wamp64/bin/apache/apache2.4.17/bin/ssleay32.dll): Permission denied in C:\wamp64\scripts\wampserver.lib.php on line 79
[08-Jan-2018 08:42:21 UTC] PHP Warning:  symlink(): Cannot create symlink, error code(183) in C:\wamp64\scripts\wampserver.lib.php on line 82
[08-Jan-2018 08:42:21 UTC] PHP Warning:  unlink(C:/wamp64/bin/apache/apache2.4.17/bin/php5ts.dll): Permission denied in C:\wamp64\scripts\wampserver.lib.php on line 79
[08-Jan-2018 08:42:21 UTC] PHP Warning:  symlink(): Cannot create symlink, error code(183) in C:\wamp64\scripts\wampserver.lib.php on line 82
